5/27/2017 12:50:55 PM, Info: Initializing SIMPLSharp Services...
5/27/2017 12:50:55 PM, Info: ProjectInfo successfully initialized.
5/27/2017 12:51:00 PM, Info: Verifying archive C:\Users\PFLPC\Desktop\SVN Checkout\Wiviott\2.0\WIVIOTT WILSHIRE\UI\SPlsWork\AppHelperClasses v2_0.clz...
5/27/2017 12:51:01 PM, Info: Saving project information...
5/27/2017 12:51:06 PM, Info: Commiting verification transaction...
5/27/2017 12:51:06 PM, Info: Saving project information...
5/27/2017 12:51:58 PM, Info: Initializing SIMPLSharp Services...
5/27/2017 12:51:58 PM, Info: ProjectInfo successfully initialized.
5/27/2017 12:52:03 PM, Info: Verifying archive C:\Users\PFLPC\Desktop\SVN Checkout\Wiviott\2.0\WIVIOTT WILSHIRE\UI\SPlsWork\AppHelperClasses v2_0.clz...
5/27/2017 12:52:03 PM, Info: Saving project information...
5/27/2017 12:52:08 PM, Info: Commiting verification transaction...
5/27/2017 12:52:08 PM, Info: Saving project information...
5/27/2017 12:53:42 PM, Info: Initializing SIMPLSharp Services...
5/27/2017 12:53:42 PM, Info: ProjectInfo successfully initialized.
5/27/2017 12:53:47 PM, Info: Verifying archive C:\Users\PFLPC\Desktop\SVN Checkout\Wiviott\2.0\WIVIOTT WILSHIRE\UI\SPlsWork\AppHelperClasses v2_0.clz...
5/27/2017 12:53:47 PM, Info: Saving project information...
5/27/2017 12:53:52 PM, Info: Commiting verification transaction...
5/27/2017 12:53:52 PM, Info: Saving project information...
5/27/2017 12:56:15 PM, Info: Initializing SIMPLSharp Services...
5/27/2017 12:56:15 PM, Info: ProjectInfo successfully initialized.
5/27/2017 12:56:20 PM, Info: Verifying archive C:\Users\PFLPC\Desktop\SVN Checkout\Wiviott\2.0\WIVIOTT WILSHIRE\UI\SPlsWork\AppHelperClasses v2_0.clz...
5/27/2017 12:56:20 PM, Info: Saving project information...
5/27/2017 12:56:24 PM, Info: Commiting verification transaction...
5/27/2017 12:56:24 PM, Info: Saving project information...
5/27/2017 12:56:51 PM, Info: Initializing SIMPLSharp Services...
5/27/2017 12:56:51 PM, Info: ProjectInfo successfully initialized.
5/27/2017 12:56:56 PM, Info: Verifying archive C:\Users\PFLPC\Desktop\SVN Checkout\Wiviott\2.0\WIVIOTT WILSHIRE\UI\SPlsWork\AppHelperClasses v2_0.clz...
5/27/2017 12:56:56 PM, Info: Saving project information...
5/27/2017 12:57:01 PM, Info: Commiting verification transaction...
5/27/2017 12:57:01 PM, Info: Saving project information...
5/27/2017 1:28:07 PM, Info: Initializing SIMPLSharp Services...
5/27/2017 1:28:07 PM, Info: ProjectInfo successfully initialized.
5/27/2017 1:28:12 PM, Info: Verifying archive C:\Users\PFLPC\Desktop\SVN Checkout\Wiviott\2.0\WIVIOTT WILSHIRE\UI\SPlsWork\AppHelperClasses v2_0.clz...
5/27/2017 1:28:12 PM, Info: Saving project information...
5/27/2017 1:28:16 PM, Info: Commiting verification transaction...
5/27/2017 1:28:16 PM, Info: Saving project information...
5/27/2017 1:51:43 PM, Info: Initializing SIMPLSharp Services...
5/27/2017 1:51:43 PM, Info: ProjectInfo successfully initialized.
5/27/2017 1:51:48 PM, Info: Verifying archive C:\Users\PFLPC\Desktop\SVN Checkout\Wiviott\2.0\WIVIOTT WILSHIRE\UI\SPlsWork\AppHelperClasses v2_0.clz...
5/27/2017 1:51:48 PM, Info: Saving project information...
5/27/2017 1:51:53 PM, Info: Commiting verification transaction...
5/27/2017 1:51:53 PM, Info: Saving project information...
5/27/2017 1:52:49 PM, Info: Initializing SIMPLSharp Services...
5/27/2017 1:52:49 PM, Info: ProjectInfo successfully initialized.
5/27/2017 1:52:55 PM, Info: Verifying archive C:\Users\PFLPC\Desktop\SVN Checkout\Wiviott\2.0\WIVIOTT WILSHIRE\UI\SPlsWork\AppHelperClasses v2_0.clz...
5/27/2017 1:52:55 PM, Info: Saving project information...
5/27/2017 1:53:00 PM, Info: Commiting verification transaction...
5/27/2017 1:53:00 PM, Info: Saving project information...
5/27/2017 1:59:44 PM, Info: Initializing SIMPLSharp Services...
5/27/2017 1:59:44 PM, Info: ProjectInfo successfully initialized.
5/27/2017 1:59:49 PM, Info: Verifying archive C:\Users\PFLPC\Desktop\SVN Checkout\Wiviott\2.0\WIVIOTT WILSHIRE\UI\SPlsWork\AppHelperClasses v2_0.clz...
5/27/2017 1:59:49 PM, Info: Saving project information...
5/27/2017 1:59:54 PM, Info: Commiting verification transaction...
5/27/2017 1:59:54 PM, Info: Saving project information...
5/27/2017 2:08:40 PM, Info: Initializing SIMPLSharp Services...
5/27/2017 2:08:40 PM, Info: ProjectInfo successfully initialized.
5/27/2017 2:08:45 PM, Info: Verifying archive C:\Users\PFLPC\Desktop\SVN Checkout\Wiviott\2.0\WIVIOTT WILSHIRE\UI\SPlsWork\AppHelperClasses v2_0.clz...
5/27/2017 2:08:45 PM, Info: Saving project information...
5/27/2017 2:08:50 PM, Info: Commiting verification transaction...
5/27/2017 2:08:50 PM, Info: Saving project information...
5/27/2017 2:09:33 PM, Info: Initializing SIMPLSharp Services...
5/27/2017 2:09:33 PM, Info: ProjectInfo successfully initialized.
5/27/2017 2:09:37 PM, Info: Verifying archive C:\Users\PFLPC\Desktop\SVN Checkout\Wiviott\2.0\WIVIOTT WILSHIRE\UI\SPlsWork\AppHelperClasses v2_0.clz...
5/27/2017 2:09:37 PM, Info: Saving project information...
5/27/2017 2:09:42 PM, Info: Commiting verification transaction...
5/27/2017 2:09:42 PM, Info: Saving project information...
5/27/2017 2:09:54 PM, Info: Initializing SIMPLSharp Services...
5/27/2017 2:09:54 PM, Info: ProjectInfo successfully initialized.
5/27/2017 2:09:58 PM, Info: Verifying archive C:\Users\PFLPC\Desktop\SVN Checkout\Wiviott\2.0\WIVIOTT WILSHIRE\UI\SPlsWork\AppHelperClasses v2_0.clz...
5/27/2017 2:09:58 PM, Info: Saving project information...
5/27/2017 2:10:03 PM, Info: Commiting verification transaction...
5/27/2017 2:10:03 PM, Info: Saving project information...
5/27/2017 3:03:56 PM, Info: Initializing SIMPLSharp Services...
5/27/2017 3:03:56 PM, Info: ProjectInfo successfully initialized.
5/27/2017 3:04:00 PM, Info: Verifying archive C:\Users\PFLPC\Desktop\SVN Checkout\Wiviott\2.0\WIVIOTT WILSHIRE\UI\SPlsWork\AppHelperClasses v2_0.clz...
5/27/2017 3:04:00 PM, Info: Saving project information...
5/27/2017 3:04:05 PM, Info: Commiting verification transaction...
5/27/2017 3:04:05 PM, Info: Saving project information...
5/27/2017 3:40:17 PM, Info: Initializing SIMPLSharp Services...
5/27/2017 3:40:17 PM, Info: ProjectInfo successfully initialized.
5/27/2017 3:40:22 PM, Info: Verifying archive C:\Users\PFLPC\Desktop\SVN Checkout\Wiviott\2.0\WIVIOTT WILSHIRE\UI\SPlsWork\AppHelperClasses v2_0.clz...
5/27/2017 3:40:22 PM, Info: Saving project information...
5/27/2017 3:40:27 PM, Info: Commiting verification transaction...
5/27/2017 3:40:27 PM, Info: Saving project information...
5/27/2017 3:41:03 PM, Info: Initializing SIMPLSharp Services...
5/27/2017 3:41:03 PM, Info: ProjectInfo successfully initialized.
5/27/2017 3:41:08 PM, Info: Verifying archive C:\Users\PFLPC\Desktop\SVN Checkout\Wiviott\2.0\WIVIOTT WILSHIRE\UI\SPlsWork\AppHelperClasses v2_0.clz...
5/27/2017 3:41:08 PM, Info: Saving project information...
5/27/2017 3:41:12 PM, Info: Commiting verification transaction...
5/27/2017 3:41:12 PM, Info: Saving project information...
5/27/2017 3:42:04 PM, Info: Initializing SIMPLSharp Services...
5/27/2017 3:42:04 PM, Info: ProjectInfo successfully initialized.
5/27/2017 3:42:09 PM, Info: Verifying archive C:\Users\PFLPC\Desktop\SVN Checkout\Wiviott\2.0\WIVIOTT WILSHIRE\UI\SPlsWork\AppHelperClasses v2_0.clz...
5/27/2017 3:42:09 PM, Info: Saving project information...
5/27/2017 3:42:14 PM, Info: Commiting verification transaction...
5/27/2017 3:42:14 PM, Info: Saving project information...
5/27/2017 5:45:37 PM, Info: Terminating SIMPLSharp Services
5/27/2017 5:45:37 PM, Info: Saving project information...
5/27/2017 5:45:37 PM, Info: Terminating SIMPLSharp Services
5/27/2017 5:45:37 PM, Info: Saving project information...
5/27/2017 5:45:37 PM, Info: Terminating SIMPLSharp Services
5/27/2017 5:45:37 PM, Info: Saving project information...
5/27/2017 5:45:37 PM, Info: Terminating SIMPLSharp Services
5/27/2017 5:45:37 PM, Info: Saving project information...
5/27/2017 5:45:37 PM, Info: Terminating SIMPLSharp Services
5/27/2017 5:45:37 PM, Info: Saving project information...
5/27/2017 5:45:37 PM, Info: Terminating SIMPLSharp Services
5/27/2017 5:45:37 PM, Info: Saving project information...
5/27/2017 5:45:37 PM, Info: Terminating SIMPLSharp Services
5/27/2017 5:45:37 PM, Info: Saving project information...
5/27/2017 5:45:37 PM, Info: Terminating SIMPLSharp Services
5/27/2017 5:45:37 PM, Info: Saving project information...
5/27/2017 5:45:37 PM, Info: Terminating SIMPLSharp Services
5/27/2017 5:45:37 PM, Info: Saving project information...
5/27/2017 5:45:37 PM, Info: Terminating SIMPLSharp Services
5/27/2017 5:45:37 PM, Info: Saving project information...
5/27/2017 5:45:37 PM, Info: Terminating SIMPLSharp Services
5/27/2017 5:45:37 PM, Info: Saving project information...
5/27/2017 5:45:37 PM, Info: Terminating SIMPLSharp Services
5/27/2017 5:45:37 PM, Info: Saving project information...
5/27/2017 5:45:37 PM, Info: Terminating SIMPLSharp Services
5/27/2017 5:45:37 PM, Info: Saving project information...
5/27/2017 5:45:37 PM, Info: Terminating SIMPLSharp Services
5/27/2017 5:45:37 PM, Info: Saving project information...
5/27/2017 5:45:37 PM, Info: Terminating SIMPLSharp Services
5/27/2017 5:45:37 PM, Info: Saving project information...
5/27/2017 5:45:37 PM, Info: Terminating SIMPLSharp Services
